2020-09-19 21:20:06.571  INFO 3408 --- [main] com.atguigu.scw.ScwUserApplication       : No active profile set, falling back to default profiles: default
2020-09-19 21:20:06.851  INFO 3408 --- [main] .s.d.r.c.RepositoryConfigurationDelegate : Multiple Spring Data modules found, entering strict repository configuration mode!
2020-09-19 21:20:06.851  INFO 3408 --- [main] .s.d.r.c.RepositoryConfigurationDelegate : Bootstrapping Spring Data Redis repositories in DEFAULT mode.
2020-09-19 21:20:06.861  INFO 3408 --- [main] .s.d.r.c.RepositoryConfigurationDelegate : Finished Spring Data repository scanning in 4ms. Found 0 Redis repository interfaces.
2020-09-19 21:20:06.954  WARN 3408 --- [main] o.m.s.mapper.ClassPathMapperScanner      : No MyBatis mapper was found in '[com.atguigu.scw.user.mapper]' package. Please check your configuration.
2020-09-19 21:20:06.981  INFO 3408 --- [main] o.s.cloud.context.scope.GenericScope     : BeanFactory id=b782675a-83b9-33b4-94ec-d3b6e08fd7fb
2020-09-19 21:20:07.161  INFO 3408 --- [main] o.s.b.w.embedded.tomcat.TomcatWebServer  : Tomcat initialized with port(s): 7000 (http)
2020-09-19 21:20:07.161  INFO 3408 --- [main] o.apache.catalina.core.StandardService   : Starting service [Tomcat]
2020-09-19 21:20:07.161  INFO 3408 --- [main] org.apache.catalina.core.StandardEngine  : Starting Servlet engine: [Apache Tomcat/9.0.38]
2020-09-19 21:20:07.161  INFO 3408 --- [main] o.a.catalina.core.AprLifecycleListener   : Loaded Apache Tomcat Native library [1.2.24] using APR version [1.7.0].
2020-09-19 21:20:07.161  INFO 3408 --- [main] o.a.catalina.core.AprLifecycleListener   : APR capabilities: IPv6 [true], sendfile [true], accept filters [false], random [true].
2020-09-19 21:20:07.161  INFO 3408 --- [main] o.a.catalina.core.AprLifecycleListener   : APR/OpenSSL configuration: useAprConnector [false], useOpenSSL [true]
2020-09-19 21:20:07.161  INFO 3408 --- [main] o.a.catalina.core.AprLifecycleListener   : OpenSSL successfully initialized [OpenSSL 1.1.1g  21 Apr 2020]
2020-09-19 21:20:07.241  INFO 3408 --- [main] o.a.c.c.C.[Tomcat].[localhost].[/]       : Initializing Spring embedded WebApplicationContext
2020-09-19 21:20:07.241  INFO 3408 --- [main] w.s.c.ServletWebServerApplicationContext : Root WebApplicationContext: initialization completed in 655 ms
2020-09-19 21:20:07.331  WARN 3408 --- [main] c.n.c.sources.URLConfigurationSource     : No URLs will be polled as dynamic configuration sources.
2020-09-19 21:20:07.331  INFO 3408 --- [main] c.n.c.sources.URLConfigurationSource     : To enable URLs as dynamic configuration sources, define System property archaius.configurationSource.additionalUrls or make config.properties available on classpath.
2020-09-19 21:20:07.331  WARN 3408 --- [main] c.n.c.sources.URLConfigurationSource     : No URLs will be polled as dynamic configuration sources.
2020-09-19 21:20:07.331  INFO 3408 --- [main] c.n.c.sources.URLConfigurationSource     : To enable URLs as dynamic configuration sources, define System property archaius.configurationSource.additionalUrls or make config.properties available on classpath.
2020-09-19 21:20:07.431  INFO 3408 --- [main] o.s.s.concurrent.ThreadPoolTaskExecutor  : Initializing ExecutorService 'applicationTaskExecutor'
2020-09-19 21:20:07.821  INFO 3408 --- [main] DiscoveryClientOptionalArgsConfiguration : Eureka HTTP Client uses Jersey
2020-09-19 21:20:07.921  WARN 3408 --- [main] ockingLoadBalancerClientRibbonWarnLogger : You already have RibbonLoadBalancerClient on your classpath. It will be used by default. As Spring Cloud Ribbon is in maintenance mode. We recommend switching to BlockingLoadBalancerClient instead. In order to use it, set the value of `spring.cloud.loadbalancer.ribbon.enabled` to `false` or remove spring-cloud-starter-netflix-ribbon from your project.
2020-09-19 21:20:07.976  INFO 3408 --- [main] o.s.c.n.eureka.InstanceInfoFactory       : Setting initial instance status as: STARTING
2020-09-19 21:20:07.991  INFO 3408 --- [main] com.netflix.discovery.DiscoveryClient    : Initializing Eureka in region us-east-1
2020-09-19 21:20:08.081  INFO 3408 --- [main] c.n.d.provider.DiscoveryJerseyProvider   : Using JSON encoding codec LegacyJacksonJson
2020-09-19 21:20:08.081  INFO 3408 --- [main] c.n.d.provider.DiscoveryJerseyProvider   : Using JSON decoding codec LegacyJacksonJson
2020-09-19 21:20:08.141  INFO 3408 --- [main] c.n.d.provider.DiscoveryJerseyProvider   : Using XML encoding codec XStreamXml
2020-09-19 21:20:08.151  INFO 3408 --- [main] c.n.d.provider.DiscoveryJerseyProvider   : Using XML decoding codec XStreamXml
2020-09-19 21:20:08.211  INFO 3408 --- [main] c.n.d.s.r.aws.ConfigClusterResolver      : Resolving eureka endpoints via configuration
2020-09-19 21:20:08.221  INFO 3408 --- [main] com.netflix.discovery.DiscoveryClient    : Disable delta property : false
2020-09-19 21:20:08.221  INFO 3408 --- [main] com.netflix.discovery.DiscoveryClient    : Single vip registry refresh property : null
2020-09-19 21:20:08.221  INFO 3408 --- [main] com.netflix.discovery.DiscoveryClient    : Force full registry fetch : false
2020-09-19 21:20:08.221  INFO 3408 --- [main] com.netflix.discovery.DiscoveryClient    : Application is null : false
2020-09-19 21:20:08.221  INFO 3408 --- [main] com.netflix.discovery.DiscoveryClient    : Registered Applications size is zero : true
2020-09-19 21:20:08.221  INFO 3408 --- [main] com.netflix.discovery.DiscoveryClient    : Application version is -1: true
2020-09-19 21:20:08.221  INFO 3408 --- [main] com.netflix.discovery.DiscoveryClient    : Getting all instance registry info from the eureka server
2020-09-19 21:20:08.301  INFO 3408 --- [main] com.netflix.discovery.DiscoveryClient    : The response status is 200
2020-09-19 21:20:08.301  INFO 3408 --- [main] com.netflix.discovery.DiscoveryClient    : Starting heartbeat executor: renew interval is: 30
2020-09-19 21:20:08.301  INFO 3408 --- [main] c.n.discovery.InstanceInfoReplicator     : InstanceInfoReplicator onDemand update allowed rate per min is 4
2020-09-19 21:20:08.301  INFO 3408 --- [main] com.netflix.discovery.DiscoveryClient    : Discovery Client initialized at timestamp 1600521608301 with initial instances count: 1
2020-09-19 21:20:08.301  INFO 3408 --- [main] o.s.c.n.e.s.EurekaServiceRegistry        : Registering application SCW-USER with eureka with status UP
2020-09-19 21:20:08.301  INFO 3408 --- [main] com.netflix.discovery.DiscoveryClient    : Saw local status change event StatusChangeEvent [timestamp=1600521608301, current=UP, previous=STARTING]
2020-09-19 21:20:08.311  INFO 3408 --- [DiscoveryClient-InstanceInfoReplicator-0] com.netflix.discovery.DiscoveryClient    : DiscoveryClient_SCW-USER/DESKTOP-PK90LGC:SCW-USER:7000: registering service...
2020-09-19 21:20:08.327  INFO 3408 --- [main] o.s.b.w.embedded.tomcat.TomcatWebServer  : Tomcat started on port(s): 7000 (http) with context path ''
2020-09-19 21:20:08.327  INFO 3408 --- [main] .s.c.n.e.s.EurekaAutoServiceRegistration : Updating port to 7000
2020-09-19 21:20:08.331  INFO 3408 --- [DiscoveryClient-InstanceInfoReplicator-0] com.netflix.discovery.DiscoveryClient    : DiscoveryClient_SCW-USER/DESKTOP-PK90LGC:SCW-USER:7000 - registration status: 204
2020-09-19 21:20:08.391  INFO 3408 --- [main] com.atguigu.scw.ScwUserApplication       : Started ScwUserApplication in 2.496 seconds (JVM running for 2.992)
